<?xml version="1.0" encoding="UTF-8"?>
<!-- Generated by org.testng.reporters.JUnitReportReporter -->
<testsuite hostname="DESKTOP-N7MD7B5" failures="0" tests="2" name="org.textPackage.GrowwTestAssertion1" time="36.331" errors="0" timestamp="2021-07-11T01:00:10 IST" skipped="1">
  <testcase classname="org.textPackage.GrowwTestAssertion1" name="ValidationOfLoginPage" time="0.000">
    <skipped/>
  </testcase> <!-- ValidationOfLoginPage -->
  <system-out/>
  <testcase classname="org.textPackage.GrowwTestAssertion1" name="ValidationOfLoginPage" time="36.331"/>
  <system-out/>
</testsuite> <!-- org.textPackage.GrowwTestAssertion1 -->
