<?xml version="1.0" encoding="UTF-8"?>
<!-- Generated by org.testng.reporters.JUnitReportReporter -->
<testsuite hostname="DESKTOP-N7MD7B5" failures="0" tests="2" name="org.textPackage.TestSuit_06_07_21" time="0.001" errors="0" timestamp="2021-07-11T01:00:10 IST" skipped="1">
  <testcase classname="org.textPackage.TestSuit_06_07_21" name="Test" time="0.000">
    <skipped/>
  </testcase> <!-- Test -->
  <system-out/>
  <testcase classname="org.textPackage.TestSuit_06_07_21" name="Test" time="0.001"/>
  <system-out/>
</testsuite> <!-- org.textPackage.TestSuit_06_07_21 -->
