<?xml version="1.0" encoding="UTF-8"?>
<!-- Generated by org.testng.reporters.JUnitReportReporter -->
<testsuite hostname="DESKTOP-N7MD7B5" failures="0" tests="2" name="org.textPackage.GrowwTestAssertion3" time="16.330" errors="0" timestamp="2021-07-11T01:00:10 IST" skipped="1">
  <testcase classname="org.textPackage.GrowwTestAssertion3" name="ValidationOfSellButton" time="0.000">
    <skipped/>
  </testcase> <!-- ValidationOfSellButton -->
  <system-out/>
  <testcase classname="org.textPackage.GrowwTestAssertion3" name="ValidationOfSellButton" time="16.330"/>
  <system-out/>
</testsuite> <!-- org.textPackage.GrowwTestAssertion3 -->
