<?xml version="1.0" encoding="UTF-8"?>
<!-- Generated by org.testng.reporters.JUnitReportReporter -->
<testsuite hostname="DESKTOP-N7MD7B5" failures="0" tests="2" name="org.textPackage.TestAutoTestClass1" time="15.365" errors="0" timestamp="2021-07-11T01:00:10 IST" skipped="1">
  <testcase classname="org.textPackage.TestAutoTestClass1" name="Frame2" time="0.000">
    <skipped/>
  </testcase> <!-- Frame2 -->
  <system-out/>
  <testcase classname="org.textPackage.TestAutoTestClass1" name="Frame2" time="15.365"/>
  <system-out/>
</testsuite> <!-- org.textPackage.TestAutoTestClass1 -->
