<?xml version="1.0" encoding="UTF-8"?>
<!-- Generated by org.testng.reporters.JUnitReportReporter -->
<testsuite hostname="DESKTOP-N7MD7B5" failures="0" tests="2" name="org.textPackage.TestAutoAssertion" time="11.565" errors="0" timestamp="2021-07-11T01:00:10 IST" skipped="1">
  <testcase classname="org.textPackage.TestAutoAssertion" name="ValidationOfusernameTextbox" time="11.565"/>
  <system-out/>
  <testcase classname="org.textPackage.TestAutoAssertion" name="ValidationOfusernameTextbox" time="0.000">
    <skipped/>
  </testcase> <!-- ValidationOfusernameTextbox -->
  <system-out/>
</testsuite> <!-- org.textPackage.TestAutoAssertion -->
