<?xml version="1.0" encoding="UTF-8"?>
<!-- Generated by org.testng.reporters.JUnitReportReporter -->
<testsuite hostname="DESKTOP-N7MD7B5" failures="0" tests="2" name="org.textPackage.GrowwTestClass2" time="51.575" errors="0" timestamp="2021-07-11T01:00:09 IST" skipped="1">
  <testcase classname="org.textPackage.GrowwTestClass2" name="Test1" time="0.000">
    <skipped/>
  </testcase> <!-- Test1 -->
  <system-out/>
  <testcase classname="org.textPackage.GrowwTestClass2" name="Test1" time="51.575"/>
  <system-out/>
</testsuite> <!-- org.textPackage.GrowwTestClass2 -->
