<?xml version="1.0" encoding="UTF-8"?>
<!-- Generated by org.testng.reporters.JUnitReportReporter -->
<testsuite hostname="DESKTOP-N7MD7B5" failures="0" tests="2" name="org.textPackage.GrowwAssertion2" time="53.777" errors="0" timestamp="2021-07-11T01:00:10 IST" skipped="1">
  <testcase classname="org.textPackage.GrowwAssertion2" name="ValidationOfBUYStock" time="53.777"/>
  <system-out/>
  <testcase classname="org.textPackage.GrowwAssertion2" name="ValidationOfBUYStock" time="0.000">
    <skipped/>
  </testcase> <!-- ValidationOfBUYStock -->
  <system-out/>
</testsuite> <!-- org.textPackage.GrowwAssertion2 -->
