<?xml version="1.0" encoding="UTF-8"?>
<!-- Generated by org.testng.reporters.JUnitReportReporter -->
<testsuite hostname="VICTUS" failures="0" tests="3" name="runner.ScenarioOutlineRunnerClass" time="0.087" errors="0" timestamp="2025-03-20T02:06:09 IST" skipped="0">
  <testcase classname="runner.ScenarioOutlineRunnerClass" name="runScenario" time="0.014"/>
  <testcase classname="runner.ScenarioOutlineRunnerClass" name="runScenario" time="0.013"/>
  <testcase classname="runner.ScenarioOutlineRunnerClass" name="runScenario" time="0.060"/>
</testsuite> <!-- runner.ScenarioOutlineRunnerClass -->
