<?xml version="1.0" encoding="UTF-8"?>
<!-- Generated by org.testng.reporters.JUnitReportReporter -->
<testsuite hostname="VICTUS" failures="0" tests="1" name="runner.LoginRunnerClass" time="0.062" errors="0" timestamp="2025-03-20T03:54:56 IST" skipped="0">
  <testcase classname="runner.LoginRunnerClass" name="runScenario" time="0.062"/>
</testsuite> <!-- runner.LoginRunnerClass -->
