<?xml version="1.0" encoding="UTF-8"?>
<!-- Generated by org.testng.reporters.JUnitReportReporter -->
<testsuite hostname="VICTUS" failures="0" tests="3" name="runner.OrdersRunnerClass" time="0.089" errors="0" timestamp="2025-03-20T01:32:44 IST" skipped="0">
  <testcase classname="runner.OrdersRunnerClass" name="runScenario" time="0.064"/>
  <testcase classname="runner.OrdersRunnerClass" name="runScenario" time="0.013"/>
  <testcase classname="runner.OrdersRunnerClass" name="runScenario" time="0.012"/>
</testsuite> <!-- runner.OrdersRunnerClass -->
