<?xml version="1.0" encoding="UTF-8"?>
<!-- Generated by org.testng.reporters.JUnitReportReporter -->
<testsuite hostname="VICTUS" failures="0" tests="1" name="runner.LandingPagerunnerClass" time="0.071" errors="0" timestamp="2025-03-20T01:08:33 IST" skipped="0">
  <testcase classname="runner.LandingPagerunnerClass" name="runScenario" time="0.071"/>
</testsuite> <!-- runner.LandingPagerunnerClass -->
