<?xml version="1.0" encoding="UTF-8"?>
<!-- Generated by org.testng.reporters.JUnitReportReporter -->
<testsuite hostname="VICTUS" failures="0" tests="1" name="runner.LoginWithDataRunner" time="0.059" errors="0" timestamp="2025-03-20T01:12:16 IST" skipped="0">
  <testcase classname="runner.LoginWithDataRunner" name="runScenario" time="0.059"/>
</testsuite> <!-- runner.LoginWithDataRunner -->
