<?xml version="1.0" encoding="UTF-8"?>
<!-- Generated by org.testng.reporters.JUnitReportReporter -->
<testsuite hostname="DESKTOP-N7MD7B5" failures="0" tests="3" name="TestNG.testClass" time="0.016" errors="0" timestamp="2021-06-29T16:32:25 IST" skipped="0">
  <testcase classname="TestNG.testClass" name="test2" time="0.003"/>
  <system-out/>
  <testcase classname="TestNG.testClass" name="test3" time="0.004"/>
  <system-out/>
  <testcase classname="TestNG.testClass" name="test1" time="0.009"/>
  <system-out/>
</testsuite> <!-- TestNG.testClass -->
