<?xml version="1.0" encoding="UTF-8"?>
<!-- Generated by org.testng.reporters.JUnitReportReporter -->
<testsuite hostname="DESKTOP-N7MD7B5" failures="0" tests="4" name="SeleniumKeyword.Private" time="0.030" errors="0" timestamp="2021-06-29T23:26:40 IST" skipped="0">
  <testcase classname="SeleniumKeyword.Private" name="test1" time="0.016"/>
  <system-out/>
  <testcase classname="SeleniumKeyword.Private" name="Test" time="0.006"/>
  <system-out/>
  <testcase classname="SeleniumKeyword.Private" name="test2" time="0.005"/>
  <system-out/>
  <testcase classname="SeleniumKeyword.Private" name="test3" time="0.003"/>
  <system-out/>
</testsuite> <!-- SeleniumKeyword.Private -->
