<?xml version="1.0" encoding="UTF-8"?>
<!-- Generated by org.testng.reporters.JUnitReportReporter -->
<testsuite hostname="DESKTOP-N7MD7B5" failures="0" tests="7" name="SeleniumKeyword.InvocationCount" time="0.031" errors="0" timestamp="2021-06-29T23:33:01 IST" skipped="0">
  <testcase classname="SeleniumKeyword.InvocationCount" name="test1" time="0.001"/>
  <system-out/>
  <testcase classname="SeleniumKeyword.InvocationCount" name="test1" time="0.003"/>
  <system-out/>
  <testcase classname="SeleniumKeyword.InvocationCount" name="test1" time="0.015"/>
  <system-out/>
  <testcase classname="SeleniumKeyword.InvocationCount" name="test3" time="0.003"/>
  <system-out/>
  <testcase classname="SeleniumKeyword.InvocationCount" name="test2" time="0.002"/>
  <system-out/>
  <testcase classname="SeleniumKeyword.InvocationCount" name="test2" time="0.004"/>
  <system-out/>
  <testcase classname="SeleniumKeyword.InvocationCount" name="Test" time="0.003"/>
  <system-out/>
</testsuite> <!-- SeleniumKeyword.InvocationCount -->
