<?xml version="1.0" encoding="UTF-8"?>
<!-- Generated by org.testng.reporters.JUnitReportReporter -->
<testsuite hostname="DESKTOP-N7MD7B5" failures="0" tests="4" name="SeleniumKeyword.Enable_Fail" time="0.019" errors="0" timestamp="2021-07-01T00:27:56 IST" skipped="1">
  <testcase classname="SeleniumKeyword.Enable_Fail" name="Test" time="0.012"/>
  <system-out/>
  <testcase classname="SeleniumKeyword.Enable_Fail" name="test1" time="0.005"/>
  <system-out/>
  <testcase classname="SeleniumKeyword.Enable_Fail" name="test3" time="0.002"/>
  <system-out/>
  <testcase classname="SeleniumKeyword.Enable_Fail" name="test2">
    <skipped/>
  </testcase> <!-- test2 -->
  <system-out/>
</testsuite> <!-- SeleniumKeyword.Enable_Fail -->
